Vivado Simulator 2018.2
Copyright 1986-1999, 2001-2018 Xilinx, Inc. All Rights Reserved.
Running: D:/Xilinx/Vivado/2018.2/bin/unwrapped/win64.o/xelab.exe -wto 1e0777dd008c45fcbaffd6b18f2c35e9 --incr --debug typical --relax --mt 2 --maxdelay -L xil_defaultlib -L simprims_ver -L secureip --snapshot tb_time_impl -transport_int_delays -pulse_r 0 -pulse_int_r 0 -pulse_e 0 -pulse_int_e 0 xil_defaultlib.tb xil_defaultlib.glbl -log elaborate.log 
Using 2 slave threads.
Starting static elaboration
WARNING: [VRFC 10-727] function getTime has no return value assignment [D:/MIPS32CPU/thinpad_top/thinpad_top.srcs/sim_1/new/include/TimingData.h:182]
Completed static elaboration
Starting simulation data flow analysis
Completed simulation data flow analysis
INFO: [XSIM 43-3451] SDF backannotation process started with SDF file "tb_time_impl.sdf", for root module "tb/dut".
INFO: [XSIM 43-3452] SDF backannotation was successful for SDF file "tb_time_impl.sdf", for root module "tb/dut".
Time Resolution for simulation is 1ps
Compiling module simprims_ver.OBUF
Compiling module simprims_ver.IBUF
Compiling module simprims_ver.BUFG
Compiling module simprims_ver.MMCME2_ADV(CLKFBOUT_MULT_F=20.0,...
Compiling module xil_defaultlib.pll_example_pll_example_clk_wiz
Compiling module xil_defaultlib.pll_example
Compiling module simprims_ver.OBUFT
Compiling module simprims_ver.LUT4
Compiling module simprims_ver.FDPE_default
Compiling module simprims_ver.FDCE_default
Compiling module simprims_ver.LUT5
Compiling module simprims_ver.x_lut3_mux8
Compiling module simprims_ver.LUT3
Compiling module simprims_ver.x_lut2_mux4
Compiling module simprims_ver.LUT2
Compiling module xil_defaultlib.IOBUF_UNIQ_BASE_
Compiling module xil_defaultlib.IOBUF_HD1
Compiling module xil_defaultlib.IOBUF_HD2
Compiling module xil_defaultlib.IOBUF_HD3
Compiling module xil_defaultlib.IOBUF_HD4
Compiling module xil_defaultlib.IOBUF_HD5
Compiling module xil_defaultlib.IOBUF_HD6
Compiling module xil_defaultlib.IOBUF_HD7
Compiling module xil_defaultlib.IOBUF_HD8
Compiling module xil_defaultlib.IOBUF_HD9
Compiling module xil_defaultlib.IOBUF_HD10
Compiling module xil_defaultlib.IOBUF_HD11
Compiling module xil_defaultlib.IOBUF_HD12
Compiling module xil_defaultlib.IOBUF_HD13
Compiling module xil_defaultlib.IOBUF_HD14
Compiling module xil_defaultlib.IOBUF_HD15
Compiling module xil_defaultlib.IOBUF_HD16
Compiling module xil_defaultlib.IOBUF_HD17
Compiling module xil_defaultlib.IOBUF_HD18
Compiling module xil_defaultlib.IOBUF_HD19
Compiling module xil_defaultlib.IOBUF_HD20
Compiling module xil_defaultlib.IOBUF_HD21
Compiling module xil_defaultlib.IOBUF_HD22
Compiling module xil_defaultlib.IOBUF_HD23
Compiling module xil_defaultlib.IOBUF_HD24
Compiling module xil_defaultlib.IOBUF_HD25
Compiling module xil_defaultlib.IOBUF_HD26
Compiling module xil_defaultlib.IOBUF_HD27
Compiling module xil_defaultlib.IOBUF_HD28
Compiling module xil_defaultlib.IOBUF_HD29
Compiling module xil_defaultlib.IOBUF_HD30
Compiling module xil_defaultlib.IOBUF_HD31
Compiling module xil_defaultlib.sram__1
Compiling module simprims_ver.FDRE_default
Compiling module simprims_ver.LUT6
Compiling module simprims_ver.FDRE(INIT=1'b1)
Compiling module simprims_ver.x_lut1_mux2
Compiling module simprims_ver.LUT1
Compiling module simprims_ver.CARRY4
Compiling module xil_defaultlib.BaudTickGen
Compiling module xil_defaultlib.async_receiver
Compiling module simprims_ver.FDSE(INIT=1'b0)
Compiling module xil_defaultlib.BaudTickGen__parameterized0
Compiling module xil_defaultlib.async_transmitter
Compiling module xil_defaultlib.IOBUF_HD32
Compiling module xil_defaultlib.IOBUF_HD33
Compiling module xil_defaultlib.IOBUF_HD34
Compiling module xil_defaultlib.IOBUF_HD35
Compiling module xil_defaultlib.IOBUF_HD36
Compiling module xil_defaultlib.IOBUF_HD37
Compiling module xil_defaultlib.IOBUF_HD38
Compiling module xil_defaultlib.IOBUF_HD39
Compiling module xil_defaultlib.IOBUF_HD40
Compiling module xil_defaultlib.IOBUF_HD41
Compiling module xil_defaultlib.IOBUF_HD42
Compiling module xil_defaultlib.IOBUF_HD43
Compiling module xil_defaultlib.IOBUF_HD44
Compiling module xil_defaultlib.IOBUF_HD45
Compiling module xil_defaultlib.IOBUF_HD46
Compiling module xil_defaultlib.IOBUF_HD47
Compiling module xil_defaultlib.IOBUF_HD48
Compiling module xil_defaultlib.IOBUF_HD49
Compiling module xil_defaultlib.IOBUF_HD50
Compiling module xil_defaultlib.IOBUF_HD51
Compiling module xil_defaultlib.IOBUF_HD52
Compiling module xil_defaultlib.IOBUF_HD53
Compiling module xil_defaultlib.IOBUF_HD54
Compiling module xil_defaultlib.IOBUF_HD55
Compiling module xil_defaultlib.IOBUF_HD56
Compiling module xil_defaultlib.IOBUF_HD57
Compiling module xil_defaultlib.IOBUF_HD58
Compiling module xil_defaultlib.IOBUF_HD59
Compiling module xil_defaultlib.IOBUF_HD60
Compiling module xil_defaultlib.IOBUF_HD61
Compiling module xil_defaultlib.IOBUF_HD62
Compiling module xil_defaultlib.IOBUF_HD63
Compiling module xil_defaultlib.sram
Compiling module xil_defaultlib.LLbit_reg
Compiling module simprims_ver.latchsre_ldce
Compiling module simprims_ver.LDCE
Compiling module simprims_ver.FDSE_default
Compiling module xil_defaultlib.cp0_reg
Compiling module xil_defaultlib.ctrl
Compiling module xil_defaultlib.div
Compiling module xil_defaultlib.wishbone_bus_if
Compiling module simprims_ver.DSP48E1(ACASCREG=0,ALUMODEREG=0,...
Compiling module xil_defaultlib.ex
Compiling module xil_defaultlib.ex_mem
Compiling module xil_defaultlib.hilo_reg
Compiling module simprims_ver.LDCE(IS_G_INVERTED=1'b1)
Compiling module xil_defaultlib.id
Compiling module simprims_ver.MUXF7
Compiling module xil_defaultlib.id_ex
Compiling module xil_defaultlib.if_id
Compiling module xil_defaultlib.wishbone_bus_if_1
Compiling module xil_defaultlib.mem
Compiling module xil_defaultlib.mem_wb
Compiling module xil_defaultlib.pc_reg
Compiling module simprims_ver.MUXF8
Compiling module xil_defaultlib.regfile
Compiling module xil_defaultlib.openmips
Compiling module xil_defaultlib.SEG7_LUT
Compiling module xil_defaultlib.SEG7_LUT_0
Compiling module xil_defaultlib.vga
Compiling module xil_defaultlib.thinpad_top
Compiling module xil_defaultlib.clock
Compiling module xil_defaultlib.sram_model
Compiling module xil_defaultlib.DataErrorModule
Compiling module xil_defaultlib.CUIdecoder1_2
Compiling module xil_defaultlib.CUIdecoder_Busy1_1
Compiling module xil_defaultlib.CUIdecoder2_2
Compiling module xil_defaultlib.KernelModule_1
Compiling module xil_defaultlib.ReadModule_1
Compiling module xil_defaultlib.OutputBufferModule_1
Compiling module xil_defaultlib.StatusRegModule_1
Compiling module xil_defaultlib.MemoryModule(FILENAME_MEM="/tmp/...
Compiling module xil_defaultlib.ProgramModule_1
Compiling module xil_defaultlib.BuffEnhancedFactProgramModule_1
Compiling module xil_defaultlib.ProtectRegModule_1
Compiling module xil_defaultlib.EraseModule_1
Compiling module xil_defaultlib.BlankCheckModule_1
Compiling module xil_defaultlib.BlockLockModule_1
Compiling module xil_defaultlib.ProgramBufferModule_1
Compiling module xil_defaultlib.SignatureModule_1
Compiling module xil_defaultlib.CFIqueryModule_1
Compiling module xil_defaultlib.ConfigRegModule_1
Compiling module xil_defaultlib.BurstModule_1
Compiling module xil_defaultlib.BankLib
Compiling module xil_defaultlib.TimingDataModule
Compiling module xil_defaultlib.TimingLibModule_1
Compiling module xil_defaultlib.DebugModule
Compiling module xil_defaultlib.x28fxxxp30(FILENAME_MEM="/tmp/ke...
Compiling module xil_defaultlib.tb
Compiling module xil_defaultlib.glbl
Built simulation snapshot tb_time_impl
