Vivado Simulator 2018.2
Time resolution is 1 ps
[        0 ns]  --- Device is Busy  (start up time) --- 
WARNING: Insufficient data from the input file for $fread
BaseRAM Init Size(words):       43310
WARNING: Insufficient data from the input file for $fread
ExtRAM Init Size(words):       43310
[        0 ns]  ASynchronous Read Mode
[        0 ns]  VDD Voltage is OK
[        0 ns]  VDDQ Voltage is OK
[        0 ns] Inizialize the Memory to default value
WARNING: file /tmp/kernel.elf could not be opened
[        0 ns] Warning: File: /tmp/kernel.elf not found
[       60 ns]  --- Device is Ready (end of start-up time) --- 
WARNING: "D:\Xilinx\Vivado\2018.2\data/verilog/src/unisims/LDCE.v" Line 169: Timing violation in scope /tb/dut/openmips0/ctrl0/new_pc_reg[12]/TChk169_37429 at time 9318097 ps $width (negedge G,(0:0:0),0,notifier) 
WARNING: "D:\Xilinx\Vivado\2018.2\data/verilog/src/unisims/LDCE.v" Line 169: Timing violation in scope /tb/dut/openmips0/ctrl0/new_pc_reg[13]/TChk169_37429 at time 9318097 ps $width (negedge G,(0:0:0),0,notifier) 
WARNING: "D:\Xilinx\Vivado\2018.2\data/verilog/src/unisims/LDCE.v" Line 169: Timing violation in scope /tb/dut/openmips0/ctrl0/new_pc_reg[15]/TChk169_37429 at time 9318097 ps $width (negedge G,(0:0:0),0,notifier) 
WARNING: "D:\Xilinx\Vivado\2018.2\data/verilog/src/unisims/LDCE.v" Line 169: Timing violation in scope /tb/dut/openmips0/ctrl0/new_pc_reg[3]/TChk169_37429 at time 9318097 ps $width (negedge G,(0:0:0),0,notifier) 
WARNING: "D:\Xilinx\Vivado\2018.2\data/verilog/src/unisims/LDCE.v" Line 169: Timing violation in scope /tb/dut/openmips0/ctrl0/new_pc_reg[25]/TChk169_37429 at time 9318098 ps $width (negedge G,(0:0:0),0,notifier) 
WARNING: "D:\Xilinx\Vivado\2018.2\data/verilog/src/unisims/LDCE.v" Line 169: Timing violation in scope /tb/dut/openmips0/ctrl0/new_pc_reg[30]/TChk169_37429 at time 9318098 ps $width (negedge G,(0:0:0),0,notifier) 
WARNING: "D:\Xilinx\Vivado\2018.2\data/verilog/src/unisims/LDCE.v" Line 169: Timing violation in scope /tb/dut/openmips0/ctrl0/new_pc_reg[31]/TChk169_37429 at time 9318098 ps $width (negedge G,(0:0:0),0,notifier) 
WARNING: "D:\Xilinx\Vivado\2018.2\data/verilog/src/unisims/LDCE.v" Line 169: Timing violation in scope /tb/dut/openmips0/ctrl0/new_pc_reg[16]/TChk169_37429 at time 9318099 ps $width (negedge G,(0:0:0),0,notifier) 
WARNING: "D:\Xilinx\Vivado\2018.2\data/verilog/src/unisims/LDCE.v" Line 169: Timing violation in scope /tb/dut/openmips0/ctrl0/new_pc_reg[17]/TChk169_37429 at time 9318099 ps $width (negedge G,(0:0:0),0,notifier) 
WARNING: "D:\Xilinx\Vivado\2018.2\data/verilog/src/unisims/LDCE.v" Line 169: Timing violation in scope /tb/dut/openmips0/ctrl0/new_pc_reg[18]/TChk169_37429 at time 9318099 ps $width (negedge G,(0:0:0),0,notifier) 
WARNING: "D:\Xilinx\Vivado\2018.2\data/verilog/src/unisims/LDCE.v" Line 169: Timing violation in scope /tb/dut/openmips0/ctrl0/new_pc_reg[1]/TChk169_37429 at time 9318099 ps $width (negedge G,(0:0:0),0,notifier) 
WARNING: "D:\Xilinx\Vivado\2018.2\data/verilog/src/unisims/LDCE.v" Line 169: Timing violation in scope /tb/dut/openmips0/ctrl0/new_pc_reg[21]/TChk169_37429 at time 9318099 ps $width (negedge G,(0:0:0),0,notifier) 
WARNING: "D:\Xilinx\Vivado\2018.2\data/verilog/src/unisims/LDCE.v" Line 169: Timing violation in scope /tb/dut/openmips0/ctrl0/new_pc_reg[22]/TChk169_37429 at time 9318099 ps $width (negedge G,(0:0:0),0,notifier) 
WARNING: "D:\Xilinx\Vivado\2018.2\data/verilog/src/unisims/LDCE.v" Line 169: Timing violation in scope /tb/dut/openmips0/ctrl0/new_pc_reg[24]/TChk169_37429 at time 9318099 ps $width (negedge G,(0:0:0),0,notifier) 
WARNING: "D:\Xilinx\Vivado\2018.2\data/verilog/src/unisims/LDCE.v" Line 169: Timing violation in scope /tb/dut/openmips0/ctrl0/new_pc_reg[26]/TChk169_37429 at time 9318099 ps $width (negedge G,(0:0:0),0,notifier) 
WARNING: "D:\Xilinx\Vivado\2018.2\data/verilog/src/unisims/LDCE.v" Line 169: Timing violation in scope /tb/dut/openmips0/ctrl0/new_pc_reg[27]/TChk169_37429 at time 9318099 ps $width (negedge G,(0:0:0),0,notifier) 
WARNING: "D:\Xilinx\Vivado\2018.2\data/verilog