Copyright 1986-2018 Xilinx, Inc. All Rights Reserved.
-----------------------------------------------------------------------------------------
| Tool Version : Vivado v.2018.2 (win64) Build 2258646 Thu Jun 14 20:03:12 MDT 2018
| Date         : Thu Nov 29 20:49:10 2018
| Host         : DESKTOP-HGO3NEF running 64-bit major release  (build 9200)
| Command      : report_clock_utilization -file thinpad_top_clock_utilization_routed.rpt
| Design       : thinpad_top
| Device       : 7a100t-fgg676
| Speed File   : -2  PRODUCTION 1.22 2018-03-21
-----------------------------------------------------------------------------------------

Clock Utilization Report

Table of Contents
-----------------
1. Clock Primitive Utilization
2. Global Clock Resources
3. Global Clock Source Details
4. Clock Regions: Key Resource Utilization
5. Clock Regions : Global Clock Summary
6. Device Cell Placement Summary for Global Clock g0
7. Device Cell Placement Summary for Global Clock g1
8. Device Cell Placement Summary for Global Clock g2
9. Device Cell Placement Summary for Global Clock g3
10. Device Cell Placement Summary for Global Clock g4
11. Device Cell Placement Summary for Global Clock g5
12. Device Cell Placement Summary for Global Clock g6
13. Device Cell Placement Summary for Global Clock g7
14. Device Cell Placement Summary for Global Clock g8
15. Device Cell Placement Summary for Global Clock g9
16. Device Cell Placement Summary for Global Clock g10
17. Device Cell Placement Summary for Global Clock g11
18. Clock Region Cell Placement per Global Clock: Region X0Y0
19. Clock Region Cell Placement per Global Clock: Region X0Y1
20. Clock Region Cell Placement per Global Clock: Region X1Y1
21. Clock Region Cell Placement per Global Clock: Region X0Y2
22. Clock Region Cell Placement per Global Clock: Region X1Y2
23. Clock Region Cell Placement per Global Clock: Region X0Y3

1. Clock Primitive Utilization
------------------------------

+----------+------+-----------+-----+--------------+--------+
| Type     | Used | Available | LOC | Clock Region | Pblock |
+----------+------+-----------+-----+--------------+--------+
| BUFGCTRL |   12 |        32 |   0 |            0 |      0 |
| BUFH     |    0 |        96 |   0 |            0 |      0 |
| BUFIO    |    0 |        24 |   0 |            0 |      0 |
| BUFMR    |    0 |        12 |   0 |            0 |      0 |
| BUFR     |    0 |        24 |   0 |            0 |      0 |
| MMCM     |    1 |         6 |   0 |            0 |      0 |
| PLL      |    0 |         6 |   0 |            0 |      0 |
+----------+------+-----------+-----+--------------+--------+


2. Global Clock Resources
-------------------------

+-----------+-----------+-----------------+------------+----------------+--------------+-------------------+-------------+-----------------+--------------+----------------------+--------------------------------+-----------------------------------------+
| Global Id | Source Id | Driver Type/Pin | Constraint | Site           | Clock Region | Load Clock Region | Clock Loads | Non-Clock Loads | Clock Period | Clock                | Driver Pin                     | Net                                     |
+-----------+-----------+-----------------+------------+----------------+--------------+-------------------+-------------+-----------------+--------------+----------------------+--------------------------------+-----------------------------------------+
| g0        | src0      | BUFG/O          | None       | BUFGCTRL_X0Y16 | n/a          |                 3 |        2297 |               0 |      100.000 | clk_out1_pll_example | clock_gen/inst/clkout1_buf/O   | clock_gen/inst/clk_out1                 |
| g1        | src0      | BUFG/O          | None       | BUFGCTRL_X0Y17 | n/a          |                 2 |          86 |               0 |       50.000 | clk_out2_pll_example | clock_gen/inst/clkout2_buf/O   | clock_gen/inst/clk_out2                 |
| g2        | src1      | BUFG/O          | None       | BUFGCTRL_X0Y0  | n/a          |                 2 |          66 |               0 |              |                      | openmips0/n_0_1765_BUFG_inst/O | openmips0/n_0_1765_BUFG                 |
| g3        | src2      | BUFG/O          | None       | BUFGCTRL_X0Y1  | n/a          |                 2 |          64 |               0 |              |                      | openmips0/n_1_1766_BUFG_inst/O | openmips0/n_1_1766_BUFG                 |
| g4        | src3      | BUFG/O          | None       | BUFGCTRL_X0Y2  | n/a          |                 1 |          32 |               0 |              |                      | openmips0/n_2_172_BUFG_inst/O  | openmips0/n_2_172_BUFG                  |
| g5        | src4      | BUFG/O          | None       | BUFGCTRL_X0Y3  | n/a          |                 1 |          32 |               0 |              |                      | openmips0/n_3_2993_BUFG_inst/O | openmips0/n_3_2993_BUFG                 |
| g6        | src5      | BUFG/O          | None       | BUFGCTRL_X0Y4  | n/a          |                 2 |          32 |               0 |              |                      | openmips0/n_4_3921_BUFG_inst/O | openmips0/n_4_3921_BUFG                 |
| g7        | src6      | BUFG/O          | None       | BUFGCTRL_X0Y5  | n/a          |                 1 |          32 |               0 |              |                      | openmips0/n_5_4077_BUFG_inst/O | openmips0/n_5_4077_BUFG                 |
| g8        | src7      | BUFG/O          | None       | BUFGCTRL_X0Y6  | n/a          |                 2 |          32 |               0 |              |                      | openmips0/n_6_4812_BUFG_inst/O | openmips0/n_6_4812_BUFG                 |
| g9        | src8      | BUFG/O          | None       | BUFGCTRL_X0Y7  | n/a          |                 1 |          32 |               0 |              |                      | openmips0/n_7_3405_BUFG_inst/O | openmips0/n_7_3405_BUFG                 |
| g10       | src9      | BUFG/O          | None       | BUFGCTRL_X0Y8  | n/a          |                 3 |          24 |               0 |              |                      | clock_btn_IBUF_BUFG_inst/O     | clock_btn_IBUF_BUFG                     |
| g11       | src0      | BUFG/O          | None       | BUFGCTRL_X0Y18 | n/a          |                 1 |           1 |               0 |       20.000 | clkfbout_pll_example | clock_gen/inst/clkf_buf/O      | clock_gen/inst/clkfbout_buf_pll_example |
+-----------+-----------+-----------------+------------+----------------+--------------+-------------------+-------------+-----------------+--------------+----------------------+--------------------------------+-----------------------------------------+
* Clock Loads column represents the clock pin loads (pin count)
** Non-Clock Loads column represents the non-clock pin loads (pin count)


3. Global Clock Source Details
------------------------------

+-----------+-----------+---------------------+------------+-----------------+--------------+-------------+-----------------+---------------------+----------------------+-----------------------------------------------------+---------------------------------------------------+
| Source Id | Global Id | Driver Type/Pin     | Constraint | Site            | Clock Region | Clock Loads | Non-Clock Loads | Source Clock Period | Source Clock         | Driver Pin                                          | Net                                               |
+-----------+-----------+---------------------+------------+-----------------+--------------+-------------+-----------------+---------------------+----------------------+-----------------------------------------------------+---------------------------------------------------+
| src0      | g0        | MMCME2_ADV/CLKOUT0  | None       | MMCME2_ADV_X0Y3 | X0Y3         |           1 |               0 |             100.000 | clk_out1_pll_example | clock_gen/inst/mmcm_adv_inst/CLKOUT0                | clock_gen/inst/clk_out1_pll_example               |
| src0      | g1        | MMCME2_ADV/CLKOUT1  | None       | MMCME2_ADV_X0Y3 | X0Y3         |           1 |               0 |              50.000 | clk_out2_pll_example | clock_gen/inst/mmcm_adv_inst/CLKOUT1                | clock_gen/inst/clk_out2_pll_example               |
| src0      | g11       | MMCME2_ADV/CLKFBOUT | None       | MMCME2_ADV_X0Y3 | X0Y3         |           1 |               0 |              20.000 | clkfbout_pll_example | clock_gen/inst/mmcm_adv_inst/CLKFBOUT               | clock_gen/inst/clkfbout_pll_example               |
| src1      | g2        | LUT6/O              | None       | SLICE_X52Y93    | X1Y1         |           1 |               0 |                     |                      | openmips0/id_ex0/n_0_1765_BUFG_inst_i_1/O           | openmips0/id_ex0/n_0_1765_BUFG_inst_n_1           |
| src2      | g3        | LUT6/O              | None       | SLICE_X52Y93    | X1Y1         |           1 |               0 |                     |                      | openmips0/id_ex0/n_1_1766_BUFG_inst_i_1/O           | openmips0/id_ex0/n_1_1766_BUFG_inst_n_2           |
| src3      | g4        | LUT6/O              | None       | SLICE_X31Y58    | X0Y1         |           1 |               4 |                     |                      | openmips0/id_ex0/n_2_172_BUFG_inst_i_1/O            | openmips0/id_ex0/n_2_172_BUFG_inst_n_3            |
| src4      | g5        | LUT6/O              | None       | SLICE_X52Y94    | X1Y1         |           1 |               0 |                     |                      | openmips0/ex_mem0/n_3_2993_BUFG_inst_i_1/O          | openmips0/ex_mem0/n_3_2993_BUFG_inst_n_4          |
| src5      | g6        | LUT5/O              | None       | SLICE_X52Y94    | X1Y1         |           1 |               0 |                     |                      | openmips0/ex0/n_4_3921_BUFG_inst_i_1/O              | openmips0/ex0/n_4_3921_BUFG_inst_n_5              |
| src6      | g7        | LUT3/O              | None       | SLICE_X52Y94    | X1Y1         |           1 |               0 |                     |                      | openmips0/dwishbone_bus_if/n_5_4077_BUFG_inst_i_1/O | openmips0/dwishbone_bus_if/n_5_4077_BUFG_inst_n_6 |
| src7      | g8        | LUT4/O              | None       | SLICE_X52Y94    | X1Y1         |           1 |               0 |                     |                      | openmips0/iwishbone_bus_if/n_6_4812_BUFG_inst_i_1/O | openmips0/iwishbone_bus_if/n_6_4812_BUFG_inst_n_7 |
| src8      | g9        | LUT6/O              | None       | SLICE_X52Y93    | X1Y1         |           1 |               0 |                     |                      | openmips0/ex_mem0/n_7_3405_BUFG_inst_i_1/O          | openmips0/ex_mem0/n_7_3405_BUFG_inst_n_8          |
| src9      | g10       | IBUF/O              | IOB_X0Y135 | IOB_X0Y135      | X0Y2         |           1 |               0 |                     |                      | clock_btn_IBUF_inst/O                               | clock_btn_IBUF                                    |
+-----------+-----------+---------------------+------------+-----------------+--------------+-------------+-----------------+---------------------+----------------------+-----------------------------------------------------+---------------------------------------------------+
* Clock Loads column represents the clock pin loads (pin count)
** Non-Clock Loads column represents the non-clock pin loads (pin count)


4. Clock Regions: Key Resource Utilization
------------------------------------------

+-------------------+--------------+--------------+--------------+--------------+--------------+--------------+--------------+--------------+--------------+--------------+--------------+--------------+--------------+--------------+--------------+
|                   | Global Clock |     BUFRs    |    BUFMRs    |    BUFIOs    |     MMCM     |      PLL     |      GT      |      PCI     |    ILOGIC    |    OLOGIC    |      FF      |     LUTM     |    RAMB18    |    RAMB36    |    DSP48E2   |
+-------------------+------+-------+------+-------+------+-------+------+-------+------+-------+------+-------+------+-------+------+-------+------+-------+------+-------+------+-------+------+-------+------+-------+------+-------+------+-------+
| Clock Region Name | Used | Avail | Used | Avail | Used | Avail | Used | Avail | Used | Avail | Used | Avail | Used | Avail | Used | Avail | Used | Avail | Used | Avail | Used | Avail | Used | Avail | Used | Avail | Used | Avail | Used | Avail |
+-------------------+------+-------+------+-------+------+-------+------+-------+------+-------+------+-------+------+-------+------+-------+------+-------+------+-------+------+-------+------+-------+------+-------+------+-------+------+-------+
| X0Y0              |    3 |    12 |    0 |     4 |    0 |     2 |    0 |     4 |    0 |     1 |    0 |     1 |    0 |     0 |    0 |     0 |    0 |    50 |    0 |    50 |  171 |  2600 |   57 |   600 |    0 |    20 |    0 |    10 |    0 |    20 |
| X1Y0              |    0 |    12 |    0 |     0 |    0 |     0 |    0 |     0 |    0 |     0 |    0 |     0 |    0 |     4 |    0 |     0 |    0 |     0 |    0 |     0 |    0 |  1500 |    0 |   550 |    0 |    40 |    0 |    20 |    0 |    40 |
| X0Y1              |   11 |    12 |    0 |     4 |    0 |     2 |    0 |     4 |    0 |     1 |    0 |     1 |    0 |     0 |    0 |     0 |    0 |    50 |    0 |    50 | 1910 |  2000 |  731 |   600 |    0 |    20 |    0 |    10 |    0 |    20 |
| X1Y1              |    4 |    12 |    0 |     4 |    0 |     2 |    0 |     4 |    0 |     1 |    0 |     1 |    0 |     0 |    0 |     0 |    0 |    50 |    0 |    50 |  318 |  1900 |  139 |   650 |    0 |    60 |    0 |    30 |    0 |    40 |
| X0Y2              |    1 |    12 |    0 |     4 |    0 |     2 |    0 |     4 |    0 |     1 |    0 |     1 |    0 |     0 |    0 |     0 |    0 |    50 |    0 |    50 |    4 |  2000 |    4 |   600 |    0 |    20 |    0 |    10 |    0 |    20 |
| X1Y2              |    1 |    12 |    0 |     4 |    0 |     2 |    0 |     4 |    0 |     1 |    0 |     1 |    0 |     0 |    0 |     0 |    0 |    50 |    0 |    50 |    4 |  1900 |    4 |   650 |    0 |    60 |    0 |    30 |    0 |    40 |
| X0Y3              |    1 |    12 |    0 |     4 |    0 |     2 |    0 |     4 |    1 |     1 |    0 |     1 |    0 |     0 |    0 |     0 |    0 |    50 |    0 |    50 |    0 |  2600 |    0 |   600 |    0 |    20 |    0 |    10 |    0 |    20 |
| X1Y3              |    0 |    12 |    0 |     0 |    0 |     0 |    0 |     0 |    0 |     0 |    0 |     0 |    0 |     4 |    0 |     1 |    0 |     0 |    0 |     0 |    0 |  1350 |    0 |   500 |    0 |    30 |    0 |    15 |    0 |    40 |
+-------------------+------+-------+------+-------+------+-------+------+-------+------+-------+------+-------+------+-------+------+-------+------+-------+------+-------+------+-------+------+-------+------+-------+------+-------+------+-------+
* Global Clock column represents track count; while other columns represents cell counts


5. Clock Regions : Global Clock Summary
---------------------------------------

All Modules
+----+----+----+
|    | X0 | X1 |
+----+----+----+
| Y3 |  1 |  0 |
| Y2 |  1 |  1 |
| Y1 | 11 |  4 |
| Y0 |  3 |  0 |
+----+----+----+


6. Device Cell Placement Summary for Global Clock g0
----------------------------------------------------

+-----------+-----------------+-------------------+----------------------+-------------+----------------+-------------+----------+----------------+----------+-------------------------+
| Global Id | Driver Type/Pin | Driver Region (D) | Clock                | Period (ns) | Waveform (ns)  | Slice Loads | IO Loads | Clocking Loads | GT Loads | Net                     |
+-----------+-----------------+-------------------+----------------------+-------------+----------------+-------------+----------+----------------+----------+-------------------------+
| g0        | BUFG/O          | n/a               | clk_out1_pll_example |     100.000 | {0.000 50.000} |        2297 |        0 |              0 |        0 | clock_gen/inst/clk_out1 |
+-----------+-----------------+-------------------+----------------------+-------------+----------------+-------------+----------+----------------+----------+-------------------------+
* Logic Loads column represents load cell count of all cell types other than IO, GT and clock resources
** IO Loads column represents load cell count of IO types
*** Clocking Loads column represents load cell count that are clock resources (global clock buffer, MMCM, PLL, etc)
**** GT Loads column represents load cell count of GT types


+----+-------+------+
|    | X0    | X1   |
+----+-------+------+
| Y3 |     0 |    0 |
| Y2 |     0 |    0 |
| Y1 |  1826 |  318 |
| Y0 |   153 |    0 |
+----+-------+------+


7. Device Cell Placement Summary for Global Clock g1
----------------------------------------------------

+-----------+-----------------+-------------------+----------------------+-------------+----------------+-------------+----------+----------------+----------+-------------------------+
| Global Id | Driver Type/Pin | Driver Region (D) | Clock                | Period (ns) | Waveform (ns)  | Slice Loads | IO Loads | Clocking Loads | GT Loads | Net                     |
+-----------+-----------------+-------------------+----------------------+-------------+----------------+-------------+----------+----------------+----------+-------------------------+
| g1        | BUFG/O          | n/a               | clk_out2_pll_example |      50.000 | {0.000 25.000} |          86 |        0 |              0 |        0 | clock_gen/inst/clk_out2 |
+-----------+-----------------+-------------------+----------------------+-------------+----------------+-------------+----------+----------------+----------+-------------------------+
* Logic Loads column represents load cell count of all cell types other than IO, GT and clock resources
** IO Loads column represents load cell count of IO types
*** Clocking Loads column represents load cell count that are clock resources (global clock buffer, MMCM, PLL, etc)
**** GT Loads column represents load cell count of GT types


+----+-----+----+
|    | X0  | X1 |
+----+-----+----+
| Y3 |   0 |  0 |
| Y2 |   0 |  0 |
| Y1 |  68 |  0 |
| Y0 |  18 |  0 |
+----+-----+----+


8. Device Cell Placement Summary for Global Clock g2
----------------------------------------------------

+-----------+-----------------+-------------------+-------+-------------+---------------+-------------+----------+----------------+----------+-------------------------+
| Global Id | Driver Type/Pin | Driver Region (D) | Clock | Period (ns) | Waveform (ns) | Slice Loads | IO Loads | Clocking Loads | GT Loads | Net                     |
+-----------+-----------------+-------------------+-------+-------------+---------------+-------------+----------+----------------+----------+-------------------------+
| g2        | BUFG/O          | n/a               |       |             |               |          66 |        0 |              0 |        0 | openmips0/n_0_1765_BUFG |
+-----------+-----------------+-------------------+-------+-------------+---------------+-------------+----------+----------------+----------+-------------------------+
* Logic Loads column represents load cell count of all cell types other than IO, GT and clock resources
** IO Loads column represents load cell count of IO types
*** Clocking Loads column represents load cell count that are clock resources (global clock buffer, MMCM, PLL, etc)
**** GT Loads column represents load cell count of GT types


+----+-----+-----+
|    | X0  | X1  |
+----+-----+-----+
| Y3 |   0 |   0 |
| Y2 |   0 |   0 |
| Y1 |  19 |  47 |
| Y0 |   0 |   0 |
+----+-----+-----+


9. Device Cell Placement Summary for Global Clock g3
----------------------------------------------------

+-----------+-----------------+-------------------+-------+-------------+---------------+-------------+----------+----------------+----------+-------------------------+
| Global Id | Driver Type/Pin | Driver Region (D) | Clock | Period (ns) | Waveform (ns) | Slice Loads | IO Loads | Clocking Loads | GT Loads | Net                     |
+-----------+-----------------+-------------------+-------+-------------+---------------+-------------+----------+----------------+----------+-------------------------+
| g3        | BUFG/O          | n/a               |       |             |               |          64 |        0 |              0 |        0 | openmips0/n_1_1766_BUFG |
+-----------+-----------------+-------------------+-------+-------------+---------------+-------------+----------+----------------+----------+-------------------------+
* Logic Loads column represents load cell count of all cell types other than IO, GT and clock resources
** IO Loads column represents load cell count of IO types
*** Clocking Loads column represents load cell count that are clock resources (global clock buffer, MMCM, PLL, etc)
**** GT Loads column represents load cell count of GT types


+----+-----+-----+
|    | X0  | X1  |
+----+-----+-----+
| Y3 |   0 |   0 |
| Y2 |   0 |   0 |
| Y1 |  28 |  36 |
| Y0 |   0 |   0 |
+----+-----+-----+


10. Device Cell Placement Summary for Global Clock g4
-----------------------------------------------------

+-----------+-----------------+-------------------+-------+-------------+---------------+-------------+----------+----------------+----------+------------------------+
| Global Id | Driver Type/Pin | Driver Region (D) | Clock | Period (ns) | Waveform (ns) | Slice Loads | IO Loads | Clocking Loads | GT Loads | Net                    |
+-----------+-----------------+-------------------+-------+-------------+---------------+-------------+----------+----------------+----------+------------------------+
| g4        | BUFG/O          | n/a               |       |             |               |          32 |        0 |              0 |        0 | openmips0/n_2_172_BUFG |
+-----------+-----------------+-------------------+-------+-------------+---------------+-------------+----------+----------------+----------+------------------------+
* Logic Loads column represents load cell count of all cell types other than IO, GT and clock resources
** IO Loads column represents load cell count of IO types
*** Clocking Loads column represents load cell count that are clock resources (global clock buffer, MMCM, PLL, etc)
**** GT Loads column represents load cell count of GT types


+----+-----+----+
|    | X0  | X1 |
+----+-----+----+
| Y3 |   0 |  0 |
| Y2 |   0 |  0 |
| Y1 |  32 |  0 |
| Y0 |   0 |  0 |
+----+-----+----+


11. Device Cell Placement Summary for Global Clock g5
-----------------------------------------------------

+-----------+-----------------+-------------------+-------+-------------+---------------+-------------+----------+----------------+----------+-------------------------+
| Global Id | Driver Type/Pin | Driver Region (D) | Clock | Period (ns) | Waveform (ns) | Slice Loads | IO Loads | Clocking Loads | GT Loads | Net                     |
+-----------+-----------------+-------------------+-------+-------------+---------------+-------------+----------+----------------+----------+-------------------------+
| g5        | BUFG/O          | n/a               |       |             |               |          32 |        0 |              0 |        0 | openmips0/n_3_2993_BUFG |
+-----------+-----------------+-------------------+-------+-------------+---------------+-------------+----------+----------------+----------+-------------------------+
* Logic Loads column represents load cell count of all cell types other than IO, GT and clock resources
** IO Loads column represents load cell count of IO types
*** Clocking Loads column represents load cell count that are clock resources (global clock buffer, MMCM, PLL, etc)
**** GT Loads column represents load cell count of GT types


+----+-----+----+
|    | X0  | X1 |
+----+-----+----+
| Y3 |   0 |  0 |
| Y2 |   0 |  0 |
| Y1 |  32 |  0 |
| Y0 |   0 |  0 |
+----+-----+----+


12. Device Cell Placement Summary for Global Clock g6
-----------------------------------------------------

+-----------+-----------------+-------------------+-------+-------------+---------------+-------------+----------+----------------+----------+-------------------------+
| Global Id | Driver Type/Pin | Driver Region (D) | Clock | Period (ns) | Waveform (ns) | Slice Loads | IO Loads | Clocking Loads | GT Loads | Net                     |
+-----------+-----------------+-------------------+-------+-------------+---------------+-------------+----------+----------------+----------+-------------------------+
| g6        | BUFG/O          | n/a               |       |             |               |          32 |        0 |              0 |        0 | openmips0/n_4_3921_BUFG |
+-----------+-----------------+-------------------+-------+-------------+---------------+-------------+----------+----------------+----------+-------------------------+
* Logic Loads column represents load cell count of all cell types other than IO, GT and clock resources
** IO Loads column represents load cell count of IO types
*** Clocking Loads column represents load cell count that are clock resources (global clock buffer, MMCM, PLL, etc)
**** GT Loads column represents load cell count of GT types


+----+-----+-----+
|    | X0  | X1  |
+----+-----+-----+
| Y3 |   0 |   0 |
| Y2 |   0 |   0 |
| Y1 |  19 |  13 |
| Y0 |   0 |   0 |
+----+-----+-----+


13. Device Cell Placement Summary for Global Clock g7
-----------------------------------------------------

+-----------+-----------------+-------------------+-------+-------------+---------------+-------------+----------+----------------+----------+-------------------------+
| Global Id | Driver Type/Pin | Driver Region (D) | Clock | Period (ns) | Waveform (ns) | Slice Loads | IO Loads | Clocking Loads | GT Loads | Net                     |
+-----------+-----------------+-------------------+-------+-------------+---------------+-------------+----------+----------------+----------+-------------------------+
| g7        | BUFG/O          | n/a               |       |             |               |          32 |        0 |              0 |        0 | openmips0/n_5_4077_BUFG |
+-----------+-----------------+-------------------+-------+-------------+---------------+-------------+----------+----------------+----------+-------------------------+
* Logic Loads column represents load cell count of all cell types other than IO, GT and clock resources
** IO Loads column represents load cell count of IO types
*** Clocking Loads column represents load cell count that are clock resources (global clock buffer, MMCM, PLL, etc)
**** GT Loads column represents load cell count of GT types


+----+-----+----+
|    | X0  | X1 |
+----+-----+----+
| Y3 |   0 |  0 |
| Y2 |   0 |  0 |
| Y1 |  32 |  0 |
| Y0 |   0 |  0 |
+----+-----+----+


14. Device Cell Placement Summary for Global Clock g8
-----------------------------------------------------

+-----------+-----------------+-------------------+-------+-------------+---------------+-------------+----------+----------------+----------+-------------------------+
| Global Id | Driver Type/Pin | Driver Region (D) | Clock | Period (ns) | Waveform (ns) | Slice Loads | IO Loads | Clocking Loads | GT Loads | Net                     |
+-----------+-----------------+-------------------+-------+-------------+---------------+-------------+----------+----------------+----------+-------------------------+
| g8        | BUFG/O          | n/a               |       |             |               |          32 |        0 |              0 |        0 | openmips0/n_6_4812_BUFG |
+-----------+-----------------+-------------------+-------+-------------+---------------+-------------+----------+----------------+----------+-------------------------+
* Logic Loads column represents load cell count of all cell types other than IO, GT and clock resources
** IO Loads column represents load cell count of IO types
*** Clocking Loads column represents load cell count that are clock resources (global clock buffer, MMCM, PLL, etc)
**** GT Loads column represents load cell count of GT types


+----+-----+----+
|    | X0  | X1 |
+----+-----+----+
| Y3 |   0 |  0 |
| Y2 |   0 |  0 |
| Y1 |   5 |  0 |
| Y0 |  27 |  0 |
+----+-----+----+


15. Device Cell Placement Summary for Global Clock g9
-----------------------------------------------------

+-----------+-----------------+-------------------+-------+-------------+---------------+-------------+----------+----------------+----------+-------------------------+
| Global Id | Driver Type/Pin | Driver Region (D) | Clock | Period (ns) | Waveform (ns) | Slice Loads | IO Loads | Clocking Loads | GT Loads | Net                     |
+-----------+-----------------+-------------------+-------+-------------+---------------+-------------+----------+----------------+----------+-------------------------+
| g9        | BUFG/O          | n/a               |       |             |               |          32 |        0 |              0 |        0 | openmips0/n_7_3405_BUFG |
+-----------+-----------------+-------------------+-------+-------------+---------------+-------------+----------+----------------+----------+-------------------------+
* Logic Loads column represents load cell count of all cell types other than IO, GT and clock resources
** IO Loads column represents load cell count of IO types
*** Clocking Loads column represents load cell count that are clock resources (global clock buffer, MMCM, PLL, etc)
**** GT Loads column represents load cell count of GT types


+----+-----+----+
|    | X0  | X1 |
+----+-----+----+
| Y3 |   0 |  0 |
| Y2 |   0 |  0 |
| Y1 |  32 |  0 |
| Y0 |   0 |  0 |
+----+-----+----+


16. Device Cell Placement Summary for Global Clock g10
------------------------------------------------------

+-----------+-----------------+-------------------+-------+-------------+---------------+-------------+----------+----------------+----------+---------------------+
| Global Id | Driver Type/Pin | Driver Region (D) | Clock | Period (ns) | Waveform (ns) | Slice Loads | IO Loads | Clocking Loads | GT Loads | Net                 |
+-----------+-----------------+-------------------+-------+-------------+---------------+-------------+----------+----------------+----------+---------------------+
| g10       | BUFG/O          | n/a               |       |             |               |          24 |        0 |              0 |        0 | clock_btn_IBUF_BUFG |
+-----------+-----------------+-------------------+-------+-------------+---------------+-------------+----------+----------------+----------+---------------------+
* Logic Loads column represents load cell count of all cell types other than IO, GT and clock resources
** IO Loads column represents load cell count of IO types
*** Clocking Loads column represents load cell count that are clock resources (global clock buffer, MMCM, PLL, etc)
**** GT Loads column represents load cell count of GT types


+----+-----+----+
|    | X0  | X1 |
+----+-----+----+
| Y3 |   0 |  0 |
| Y2 |   4 |  4 |
| Y1 |  16 |  0 |
| Y0 |   0 |  0 |
+----+-----+----+


17. Device Cell Placement Summary for Global Clock g11
------------------------------------------------------

+-----------+-----------------+-------------------+----------------------+-------------+----------------+-------------+----------+----------------+----------+-----------------------------------------+
| Global Id | Driver Type/Pin | Driver Region (D) | Clock                | Period (ns) | Waveform (ns)  | Slice Loads | IO Loads | Clocking Loads | GT Loads | Net                                     |
+-----------+-----------------+-------------------+----------------------+-------------+----------------+-------------+----------+----------------+----------+-----------------------------------------+
| g11       | BUFG/O          | n/a               | clkfbout_pll_example |      20.000 | {0.000 10.000} |           0 |        0 |              1 |        0 | clock_gen/inst/clkfbout_buf_pll_example |
+-----------+-----------------+-------------------+----------------------+-------------+----------------+-------------+----------+----------------+----------+-----------------------------------------+
* Logic Loads column represents load cell count of all cell types other than IO, GT and clock resources
** IO Loads column represents load cell count of IO types
*** Clocking Loads column represents load cell count that are clock resources (global clock buffer, MMCM, PLL, etc)
**** GT Loads column represents load cell count of GT types


+----+----+----+
|    | X0 | X1 |
+----+----+----+
| Y3 |  1 |  0 |
| Y2 |  0 |  0 |
| Y1 |  0 |  0 |
| Y0 |  0 |  0 |
+----+----+----+


18. Clock Region Cell Placement per Global Clock: Region X0Y0
-------------------------------------------------------------

+-----------+-------+-----------------+------------+-------------+-----------------+-----+--------+------+-----+----+------+-----+---------+-------------------------+
| Global Id | Track | Driver Type/Pin | Constraint | Clock Loads | Non-Clock Loads | FF  | LUTRAM | RAMB | DSP | GT | MMCM | PLL | Hard IP | Net                     |
+-----------+-------+-----------------+------------+-------------+-----------------+-----+--------+------+-----+----+------+-----+---------+-------------------------+
| g0        | n/a   | BUFG/O          | None       |         153 |               0 | 153 |      0 |    0 |   0 |  0 |    0 |   0 |       0 | clock_gen/inst/clk_out1 |
| g1        | n/a   | BUFG/O          | None       |          18 |               0 |  18 |      0 |    0 |   0 |  0 |    0 |   0 |       0 | clock_gen/inst/clk_out2 |
| g8        | n/a   | BUFG/O          | None       |          27 |               0 |   0 |      0 |    0 |   0 |  0 |    0 |   0 |       0 | openmips0/n_6_4812_BUFG |
+-----------+-------+-----------------+------------+-------------+-----------------+-----+--------+------+-----+----+------+-----+---------+-------------------------+
* Clock Loads column represents the clock pin loads (pin count)
** Non-Clock Loads column represents the non-clock pin loads (pin count)
*** Columns FF, LUTRAM, RAMB through 'Hard IP' represents load cell counts


19. Clock Region Cell Placement per Global Clock: Region X0Y1
-------------------------------------------------------------

+-----------+-------+-----------------+------------+-------------+-----------------+------+--------+------+-----+----+------+-----+---------+-------------------------+
| Global Id | Track | Driver Type/Pin | Constraint | Clock Loads | Non-Clock Loads | FF   | LUTRAM | RAMB | DSP | GT | MMCM | PLL | Hard IP | Net                     |
+-----------+-------+-----------------+------------+-------------+-----------------+------+--------+------+-----+----+------+-----+---------+-------------------------+
| g0        | n/a   | BUFG/O          | None       |        1826 |               0 | 1826 |      0 |    0 |   0 |  0 |    0 |   0 |       0 | clock_gen/inst/clk_out1 |
| g1        | n/a   | BUFG/O          | None       |          68 |               0 |   68 |      0 |    0 |   0 |  0 |    0 |   0 |       0 | clock_gen/inst/clk_out2 |
| g2        | n/a   | BUFG/O          | None       |          19 |               0 |    0 |      0 |    0 |   0 |  0 |    0 |   0 |       0 | openmips0/n_0_1765_BUFG |
| g3        | n/a   | BUFG/O          | None       |          28 |               0 |    0 |      0 |    0 |   0 |  0 |    0 |   0 |       0 | openmips0/n_1_1766_BUFG |
| g4        | n/a   | BUFG/O          | None       |          32 |               0 |    0 |      0 |    0 |   0 |  0 |    0 |   0 |       0 | openmips0/n_2_172_BUFG  |
| g5        | n/a   | BUFG/O          | None       |          32 |               0 |    0 |      0 |    0 |   0 |  0 |    0 |   0 |       0 | openmips0/n_3_2993_BUFG |
| g6        | n/a   | BUFG/O          | None       |          19 |               0 |    0 |      0 |    0 |   0 |  0 |    0 |   0 |       0 | openmips0/n_4_3921_BUFG |
| g7        | n/a   | BUFG/O          | None       |          32 |               0 |    0 |      0 |    0 |   0 |  0 |    0 |   0 |       0 | openmips0/n_5_4077_BUFG |
| g8        | n/a   | BUFG/O          | None       |           5 |               0 |    0 |      0 |    0 |   0 |  0 |    0 |   0 |       0 | openmips0/n_6_4812_BUFG |
| g9        | n/a   | BUFG/O          | None       |          32 |               0 |    0 |      0 |    0 |   0 |  0 |    0 |   0 |       0 | openmips0/n_7_3405_BUFG |
| g10       | n/a   | BUFG/O          | None       |          16 |               0 |   16 |      0 |    0 |   0 |  0 |    0 |   0 |       0 | clock_btn_IBUF_BUFG     |
+-----------+-------+-----------------+------------+-------------+-----------------+------+--------+------+-----+----+------+-----+---------+-------------------------+
* Clock Loads column represents the clock pin loads (pin count)
** Non-Clock Loads column represents the non-clock pin loads (pin count)
*** Columns FF, LUTRAM, RAMB through 'Hard IP' represents load cell counts


20. Clock Region Cell Placement per Global Clock: Region X1Y1
-------------------------------------------------------------

+-----------+-------+-----------------+------------+-------------+-----------------+-----+--------+------+-----+----+------+-----+---------+-------------------------+
| Global Id | Track | Driver Type/Pin | Constraint | Clock Loads | Non-Clock Loads | FF  | LUTRAM | RAMB | DSP | GT | MMCM | PLL | Hard IP | Net                     |
+-----------+-------+-----------------+------------+-------------+-----------------+-----+--------+------+-----+----+------+-----+---------+-------------------------+
| g0        | n/a   | BUFG/O          | None       |         318 |               0 | 318 |      0 |    0 |   0 |  0 |    0 |   0 |       0 | clock_gen/inst/clk_out1 |
| g2        | n/a   | BUFG/O          | None       |          47 |               0 |   0 |      0 |    0 |   0 |  0 |    0 |   0 |       0 | openmips0/n_0_1765_BUFG |
| g3        | n/a   | BUFG/O          | None       |          36 |               0 |   0 |      0 |    0 |   0 |  0 |    0 |   0 |       0 | openmips0/n_1_1766_BUFG |
| g6        | n/a   | BUFG/O          | None       |          13 |               0 |   0 |      0 |    0 |   0 |  0 |    0 |   0 |       0 | openmips0/n_4_3921_BUFG |
+-----------+-------+-----------------+------------+-------------+-----------------+-----+--------+------+-----+----+------+-----+---------+-------------------------+
* Clock Loads column represents the clock pin loads (pin count)
** Non-Clock Loads column represents the non-clock pin loads (pin count)
*** Columns FF, LUTRAM, RAMB through 'Hard IP' represents load cell counts


21. Clock Region Cell Placement per Global Clock: Region X0Y2
-------------------------------------------------------------

+-----------+-------+-----------------+------------+-------------+-----------------+----+--------+------+-----+----+------+-----+---------+---------------------+
| Global Id | Track | Driver Type/Pin | Constraint | Clock Loads | Non-Clock Loads | FF | LUTRAM | RAMB | DSP | GT | MMCM | PLL | Hard IP | Net                 |
+-----------+-------+-----------------+------------+-------------+-----------------+----+--------+------+-----+----+------+-----+---------+---------------------+
| g10       | n/a   | BUFG/O          | None       |           4 |               0 |  4 |      0 |    0 |   0 |  0 |    0 |   0 |       0 | clock_btn_IBUF_BUFG |
+-----------+-------+-----------------+------------+-------------+-----------------+----+--------+------+-----+----+------+-----+---------+---------------------+
* Clock Loads column represents the clock pin loads (pin count)
** Non-Clock Loads column represents the non-clock pin loads (pin count)
*** Columns FF, LUTRAM, RAMB through 'Hard IP' represents load cell counts


22. Clock Region Cell Placement per Global Clock: Region X1Y2
-------------------------------------------------------------

+-----------+-------+-----------------+------------+-------------+-----------------+----+--------+------+-----+----+------+-----+---------+---------------------+
| Global Id | Track | Driver Type/Pin | Constraint | Clock Loads | Non-Clock Loads | FF | LUTRAM | RAMB | DSP | GT | MMCM | PLL | Hard IP | Net                 |
+-----------+-------+-----------------+------------+-------------+-----------------+----+--------+------+-----+----+------+-----+---------+---------------------+
| g10       | n/a   | BUFG/O          | None       |           4 |               0 |  4 |      0 |    0 |   0 |  0 |    0 |   0 |       0 | clock_btn_IBUF_BUFG |
+-----------+-------+-----------------+------------+-------------+-----------------+----+--------+------+-----+----+------+-----+---------+---------------------+
* Clock Loads column represents the clock pin loads (pin count)
** Non-Clock Loads column represents the non-clock pin loads (pin count)
*** Columns FF, LUTRAM, RAMB through 'Hard IP' represents load cell counts


23. Clock Region Cell Placement per Global Clock: Region X0Y3
-------------------------------------------------------------

+-----------+-------+-----------------+------------+-------------+-----------------+----+--------+------+-----+----+------+-----+---------+-----------------------------------------+
| Global Id | Track | Driver Type/Pin | Constraint | Clock Loads | Non-Clock Loads | FF | LUTRAM | RAMB | DSP | GT | MMCM | PLL | Hard IP | Net                                     |
+-----------+-------+-----------------+------------+-------------+-----------------+----+--------+------+-----+----+------+-----+---------+-----------------------------------------+
| g11       | n/a   | BUFG/O          | None       |           1 |               0 |  0 |      0 |    0 |   0 |  0 |    1 |   0 |       0 | clock_gen/inst/clkfbout_buf_pll_example |
+-----------+-------+-----------------+------------+-------------+-----------------+----+--------+------+-----+----+------+-----+---------+-----------------------------------------+
* Clock Loads column represents the clock pin loads (pin count)
** Non-Clock Loads column represents the non-clock pin loads (pin count)
*** Columns FF, LUTRAM, RAMB through 'Hard IP' represents load cell counts



# Location of BUFG Primitives 
set_property LOC BUFGCTRL_X0Y7 [get_cells openmips0/n_7_3405_BUFG_inst]
set_property LOC BUFGCTRL_X0Y6 [get_cells openmips0/n_6_4812_BUFG_inst]
set_property LOC BUFGCTRL_X0Y5 [get_cells openmips0/n_5_4077_BUFG_inst]
set_property LOC BUFGCTRL_X0Y4 [get_cells openmips0/n_4_3921_BUFG_inst]
set_property LOC BUFGCTRL_X0Y3 [get_cells openmips0/n_3_2993_BUFG_inst]
set_property LOC BUFGCTRL_X0Y2 [get_cells openmips0/n_2_172_BUFG_inst]
set_property LOC BUFGCTRL_X0Y1 [get_cells openmips0/n_1_1766_BUFG_inst]
set_property LOC BUFGCTRL_X0Y0 [get_cells openmips0/n_0_1765_BUFG_inst]
set_property LOC BUFGCTRL_X0Y18 [get_cells clock_gen/inst/clkf_buf]
set_property LOC BUFGCTRL_X0Y17 [get_cells clock_gen/inst/clkout2_buf]
set_property LOC BUFGCTRL_X0Y16 [get_cells clock_gen/inst/clkout1_buf]
set_property LOC BUFGCTRL_X0Y8 [get_cells clock_btn_IBUF_BUFG_inst]

# Location of IO Primitives which is load of clock spine

# Location of clock ports
set_property LOC IOB_X0Y176 [get_ports clk_50M]
set_property LOC IOB_X0Y135 [get_ports clock_btn]

# Clock net "openmips0/n_7_3405_BUFG" driven by instance "openmips0/n_7_3405_BUFG_inst" located at site "BUFGCTRL_X0Y7"
#startgroup
create_pblock {CLKAG_openmips0/n_7_3405_BUFG}
add_cells_to_pblock [get_pblocks  {CLKAG_openmips0/n_7_3405_BUFG}] [get_cells -filter { PRIMITIVE_GROUP != I/O && IS_PRIMITIVE==1 && PRIMITIVE_LEVEL !=INTERNAL } -of_object [get_pins -filter {DIRECTION==IN} -of_objects [get_nets -hierarchical -filter {PARENT=="openmips0/n_7_3405_BUFG"}]]]
resize_pblock [get_pblocks {CLKAG_openmips0/n_7_3405_BUFG}] -add {CLOCKREGION_X0Y1:CLOCKREGION_X0Y1}
#endgroup

# Clock net "openmips0/n_6_4812_BUFG" driven by instance "openmips0/n_6_4812_BUFG_inst" located at site "BUFGCTRL_X0Y6"
#startgroup
create_pblock {CLKAG_openmips0/n_6_4812_BUFG}
add_cells_to_pblock [get_pblocks  {CLKAG_openmips0/n_6_4812_BUFG}] [get_cells -filter { PRIMITIVE_GROUP != I/O && IS_PRIMITIVE==1 && PRIMITIVE_LEVEL !=INTERNAL } -of_object [get_pins -filter {DIRECTION==IN} -of_objects [get_nets -hierarchical -filter {PARENT=="openmips0/n_6_4812_BUFG"}]]]
resize_pblock [get_pblocks {CLKAG_openmips0/n_6_4812_BUFG}] -add {CLOCKREGION_X0Y0:CLOCKREGION_X0Y0 CLOCKREGION_X0Y1:CLOCKREGION_X0Y1}
#endgroup

# Clock net "openmips0/n_5_4077_BUFG" driven by instance "openmips0/n_5_4077_BUFG_inst" located at site "BUFGCTRL_X0Y5"
#startgroup
create_pblock {CLKAG_openmips0/n_5_4077_BUFG}
add_cells_to_pblock [get_pblocks  {CLKAG_openmips0/n_5_4077_BUFG}] [get_cells -filter { PRIMITIVE_GROUP != I/O && IS_PRIMITIVE==1 && PRIMITIVE_LEVEL !=INTERNAL } -of_object [get_pins -filter {DIRECTION==IN} -of_objects [get_nets -hierarchical -filter {PARENT=="openmips0/n_5_4077_BUFG"}]]]
resize_pblock [get_pblocks {CLKAG_openmips0/n_5_4077_BUFG}] -add {CLOCKREGION_X0Y1:CLOCKREGION_X0Y1}
#endgroup

# Clock net "openmips0/n_4_3921_BUFG" driven by instance "openmips0/n_4_3921_BUFG_inst" located at site "BUFGCTRL_X0Y4"
#startgroup
create_pblock {CLKAG_openmips0/n_4_3921_BUFG}
add_cells_to_pblock [get_pblocks  {CLKAG_openmips0/n_4_3921_BUFG}] [get_cells -filter { PRIMITIVE_GROUP != I/O && IS_PRIMITIVE==1 && PRIMITIVE_LEVEL !=INTERNAL } -of_object [get_pins -filter {DIRECTION==IN} -of_objects [get_nets -hierarchical -filter {PARENT=="openmips0/n_4_3921_BUFG"}]]]
resize_pblock [get_pblocks {CLKAG_openmips0/n_4_3921_BUFG}] -add {CLOCKREGION_X0Y1:CLOCKREGION_X0Y1 CLOCKREGION_X1Y1:CLOCKREGION_X1Y1}
#endgroup

# Clock net "openmips0/n_3_2993_BUFG" driven by instance "openmips0/n_3_2993_BUFG_inst" located at site "BUFGCTRL_X0Y3"
#startgroup
create_pblock {CLKAG_openmips0/n_3_2993_BUFG}
add_cells_to_pblock [get_pblocks  {CLKAG_openmips0/n_3_2993_BUFG}] [get_cells -filter { PRIMITIVE_GROUP != I/O && IS_PRIMITIVE==1 && PRIMITIVE_LEVEL !=INTERNAL } -of_object [get_pins -filter {DIRECTION==IN} -of_objects [get_nets -hierarchical -filter {PARENT=="openmips0/n_3_2993_BUFG"}]]]
resize_pblock [get_pblocks {CLKAG_openmips0/n_3_2993_BUFG}] -add {CLOCKREGION_X0Y1:CLOCKREGION_X0Y1}
#endgroup

# Clock net "openmips0/n_2_172_BUFG" driven by instance "openmips0/n_2_172_BUFG_inst" located at site "BUFGCTRL_X0Y2"
#startgroup
create_pblock {CLKAG_openmips0/n_2_172_BUFG}
add_cells_to_pblock [get_pblocks  {CLKAG_openmips0/n_2_172_BUFG}] [get_cells -filter { PRIMITIVE_GROUP != I/O && IS_PRIMITIVE==1 && PRIMITIVE_LEVEL !=INTERNAL } -of_object [get_pins -filter {DIRECTION==IN} -of_objects [get_nets -hierarchical -filter {PARENT=="openmips0/n_2_172_BUFG"}]]]
resize_pblock [get_pblocks {CLKAG_openmips0/n_2_172_BUFG}] -add {CLOCKREGION_X0Y1:CLOCKREGION_X0Y1}
#endgroup

# Clock net "openmips0/n_1_1766_BUFG" driven by instance "openmips0/n_1_1766_BUFG_inst" located at site "BUFGCTRL_X0Y1"
#startgroup
create_pblock {CLKAG_openmips0/n_1_1766_BUFG}
add_cells_to_pblock [get_pblocks  {CLKAG_openmips0/n_1_1766_BUFG}] [get_cells -filter { PRIMITIVE_GROUP != I/O && IS_PRIMITIVE==1 && PRIMITIVE_LEVEL !=INTERNAL } -of_object [get_pins -filter {DIRECTION==IN} -of_objects [get_nets -hierarchical -filter {PARENT=="openmips0/n_1_1766_BUFG"}]]]
resize_pblock [get_pblocks {CLKAG_openmips0/n_1_1766_BUFG}] -add {CLOCKREGION_X0Y1:CLOCKREGION_X0Y1 CLOCKREGION_X1Y1:CLOCKREGION_X1Y1}
#endgroup

# Clock net "openmips0/n_0_1765_BUFG" driven by instance "openmips0/n_0_1765_BUFG_inst" located at site "BUFGCTRL_X0Y0"
#startgroup
create_pblock {CLKAG_openmips0/n_0_1765_BUFG}
add_cells_to_pblock [get_pblocks  {CLKAG_openmips0/n_0_1765_BUFG}] [get_cells -filter { PRIMITIVE_GROUP != I/O && IS_PRIMITIVE==1 && PRIMITIVE_LEVEL !=INTERNAL } -of_object [get_pins -filter {DIRECTION==IN} -of_objects [get_nets -hierarchical -filter {PARENT=="openmips0/n_0_1765_BUFG"}]]]
resize_pblock [get_pblocks {CLKAG_openmips0/n_0_1765_BUFG}] -add {CLOCKREGION_X0Y1:CLOCKREGION_X0Y1 CLOCKREGION_X1Y1:CLOCKREGION_X1Y1}
#endgroup

# Clock net "clock_gen/inst/clk_out2" driven by instance "clock_gen/inst/clkout2_buf" located at site "BUFGCTRL_X0Y17"
#startgroup
create_pblock {CLKAG_clock_gen/inst/clk_out2}
add_cells_to_pblock [get_pblocks  {CLKAG_clock_gen/inst/clk_out2}] [get_cells -filter { PRIMITIVE_GROUP != I/O && IS_PRIMITIVE==1 && PRIMITIVE_LEVEL !=INTERNAL } -of_object [get_pins -filter {DIRECTION==IN} -of_objects [get_nets -hierarchical -filter {PARENT=="clock_gen/inst/clk_out2"}]]]
resize_pblock [get_pblocks {CLKAG_clock_gen/inst/clk_out2}] -add {CLOCKREGION_X0Y0:CLOCKREGION_X0Y0 CLOCKREGION_X0Y1:CLOCKREGION_X0Y1}
#endgroup

# Clock net "clock_gen/inst/clk_out1" driven by instance "clock_gen/inst/clkout1_buf" located at site "BUFGCTRL_X0Y16"
#startgroup
create_pblock {CLKAG_clock_gen/inst/clk_out1}
add_cells_to_pblock [get_pblocks  {CLKAG_clock_gen/inst/clk_out1}] [get_cells -filter { PRIMITIVE_GROUP != I/O && IS_PRIMITIVE==1 && PRIMITIVE_LEVEL !=INTERNAL } -of_object [get_pins -filter {DIRECTION==IN} -of_objects [get_nets -hierarchical -filter {PARENT=="clock_gen/inst/clk_out1"}]]]
resize_pblock [get_pblocks {CLKAG_clock_gen/inst/clk_out1}] -add {CLOCKREGION_X0Y0:CLOCKREGION_X0Y0 CLOCKREGION_X0Y1:CLOCKREGION_X0Y1 CLOCKREGION_X1Y1:CLOCKREGION_X1Y1}
#endgroup

# Clock net "clock_btn_IBUF_BUFG" driven by instance "clock_btn_IBUF_BUFG_inst" located at site "BUFGCTRL_X0Y8"
#startgroup
create_pblock {CLKAG_clock_btn_IBUF_BUFG}
add_cells_to_pblock [get_pblocks  {CLKAG_clock_btn_IBUF_BUFG}] [get_cells -filter { PRIMITIVE_GROUP != I/O && IS_PRIMITIVE==1 && PRIMITIVE_LEVEL !=INTERNAL } -of_object [get_pins -filter {DIRECTION==IN} -of_objects [get_nets -hierarchical -filter {PARENT=="clock_btn_IBUF_BUFG"}]]]
resize_pblock [get_pblocks {CLKAG_clock_btn_IBUF_BUFG}] -add {CLOCKREGION_X0Y1:CLOCKREGION_X0Y1 CLOCKREGION_X0Y2:CLOCKREGION_X0Y2 CLOCKREGION_X1Y2:CLOCKREGION_X1Y2}
#endgroup
