Vivado Simulator 2018.2
Copyright 1986-1999, 2001-2018 Xilinx, Inc. All Rights Reserved.
Running: D:/Xilinx/Vivado/2018.2/bin/unwrapped/win64.o/xelab.exe -wto 1e0777dd008c45fcbaffd6b18f2c35e9 --incr --debug typical --relax --mt 2 --maxdelay -L xil_defaultlib -L simprims_ver -L secureip --snapshot tb_time_synth -transport_int_delays -pulse_r 0 -pulse_int_r 0 -pulse_e 0 -pulse_int_e 0 xil_defaultlib.tb xil_defaultlib.glbl -log elaborate.log 
Using 2 slave threads.
Starting static elaboration
WARNING: [VRFC 10-727] function getTime has no return value assignment [D:/MIPS32CPU/thinpad_top/thinpad_top.srcs/sim_1/new/include/TimingData.h:182]
Completed static elaboration
Starting simulation data flow analysis
Completed simulation data flow analysis
INFO: [XSIM 43-3451] SDF backannotation process started with SDF file "tb_time_synth.sdf", for root module "tb/dut".
INFO: [XSIM 43-3452] SDF backannotation was successful for SDF file "tb_time_synth.sdf", for root module "tb/dut".
Time Resolution for simulation is 1ps
Compiling module simprims_ver.OBUF
Compiling module simprims_ver.IBUF
Compiling module simprims_ver.BUFG
Compiling module simprims_ver.MMCME2_ADV(CLKFBOUT_MULT_F=20.0,...
Compiling module xil_defaultlib.pll_example_pll_example_clk_wiz
Compiling module xil_defaultlib.pll_example
Compiling module xil_defaultlib.dbg_hub_CV
Compiling module simprims_ver.OBUFT
Compiling module simprims_ver.LUT5
Compiling module simprims_ver.FDPE_default
Compiling module simprims_ver.FDCE_default
Compiling module simprims_ver.x_lut3_mux8
Compiling module simprims_ver.LUT3
Compiling module simprims_ver.x_lut2_mux4
Compiling module simprims_ver.LUT2
Compiling module simprims_ver.LUT4
Compiling module xil_defaultlib.IOBUF_UNIQ_BASE_
Compiling module xil_defaultlib.IOBUF_HD1014
Compiling module xil_defaultlib.IOBUF_HD1015
Compiling module xil_defaultlib.IOBUF_HD1016
Compiling module xil_defaultlib.IOBUF_HD1017
Compiling module xil_defaultlib.IOBUF_HD1018
Compiling module xil_defaultlib.IOBUF_HD1019
Compiling module xil_defaultlib.IOBUF_HD1020
Compiling module xil_defaultlib.IOBUF_HD1021
Compiling module xil_defaultlib.IOBUF_HD1022
Compiling module xil_defaultlib.IOBUF_HD1023
Compiling module xil_defaultlib.IOBUF_HD1024
Compiling module xil_defaultlib.IOBUF_HD1025
Compiling module xil_defaultlib.IOBUF_HD1026
Compiling module xil_defaultlib.IOBUF_HD1027
Compiling module xil_defaultlib.IOBUF_HD1028
Compiling module xil_defaultlib.IOBUF_HD1029
Compiling module xil_defaultlib.IOBUF_HD1030
Compiling module xil_defaultlib.IOBUF_HD1031
Compiling module xil_defaultlib.IOBUF_HD1032
Compiling module xil_defaultlib.IOBUF_HD1033
Compiling module xil_defaultlib.IOBUF_HD1034
Compiling module xil_defaultlib.IOBUF_HD1035
Compiling module xil_defaultlib.IOBUF_HD1036
Compiling module xil_defaultlib.IOBUF_HD1037
Compiling module simprims_ver.x_lut1_mux2
Compiling module simprims_ver.LUT1
Compiling module xil_defaultlib.IOBUF_HD1038
Compiling module xil_defaultlib.IOBUF_HD1039
Compiling module xil_defaultlib.IOBUF_HD1040
Compiling module xil_defaultlib.IOBUF_HD1041
Compiling module xil_defaultlib.IOBUF_HD1042
Compiling module xil_defaultlib.IOBUF_HD1043
Compiling module xil_defaultlib.IOBUF_HD1044
Compiling module simprims_ver.LUT6
Compiling module xil_defaultlib.sram__1
Compiling module simprims_ver.FDRE_default
Compiling module simprims_ver.FDRE(INIT=1'b1)
Compiling module simprims_ver.CARRY4
Compiling module xil_defaultlib.BaudTickGen
Compiling module xil_defaultlib.async_receiver
Compiling module simprims_ver.FDSE(INIT=1'b0)
Compiling module xil_defaultlib.BaudTickGen__parameterized0
Compiling module xil_defaultlib.async_transmitter
Compiling module xil_defaultlib.IOBUF_HD1045
Compiling module xil_defaultlib.IOBUF_HD1046
Compiling module xil_defaultlib.IOBUF_HD1047
Compiling module xil_defaultlib.IOBUF_HD1048
Compiling module xil_defaultlib.IOBUF_HD1049
Compiling module xil_defaultlib.IOBUF_HD1050
Compiling module xil_defaultlib.IOBUF_HD1051
Compiling module xil_defaultlib.IOBUF_HD1052
Compiling module xil_defaultlib.IOBUF_HD1053
Compiling module xil_defaultlib.IOBUF_HD1054
Compiling module xil_defaultlib.IOBUF_HD1055
Compiling module xil_defaultlib.IOBUF_HD1056
Compiling module xil_defaultlib.IOBUF_HD1057
Compiling module xil_defaultlib.IOBUF_HD1058
Compiling module xil_defaultlib.IOBUF_HD1059
Compiling module xil_defaultlib.IOBUF_HD1060
Compiling module xil_defaultlib.IOBUF_HD1061
Compiling module xil_defaultlib.IOBUF_HD1062
Compiling module xil_defaultlib.IOBUF_HD1063
Compiling module xil_defaultlib.IOBUF_HD1064
Compiling module xil_defaultlib.IOBUF_HD1065
Compiling module xil_defaultlib.IOBUF_HD1066
Compiling module xil_defaultlib.IOBUF_HD1067
Compiling module xil_defaultlib.IOBUF_HD1068
Compiling module xil_defaultlib.IOBUF_HD1069
Compiling module xil_defaultlib.IOBUF_HD1070
Compiling module xil_defaultlib.IOBUF_HD1071
Compiling module xil_defaultlib.IOBUF_HD1072
Compiling module xil_defaultlib.IOBUF_HD1073
Compiling module xil_defaultlib.IOBUF_HD1074
Compiling module xil_defaultlib.IOBUF_HD1075
Compiling module xil_defaultlib.IOBUF_HD1076
Compiling module xil_defaultlib.sram
Compiling module simprims_ver.GND
Compiling module xil_defaultlib.LLbit_reg
Compiling module simprims_ver.latchsre_ldce
Compiling module simprims_ver.LDCE
Compiling module simprims_ver.FDSE_default
Compiling module xil_defaultlib.cp0_reg
Compiling module xil_defaultlib.ctrl
Compiling module xil_defaultlib.div
Compiling module xil_defaultlib.wishbone_bus_if
Compiling module simprims_ver.DSP48E1(ACASCREG=0,ALUMODEREG=0,...
Compiling module xil_defaultlib.ex
Compiling module xil_defaultlib.ex_mem
Compiling module xil_defaultlib.hilo_reg
Compiling module simprims_ver.LDCE(IS_G_INVERTED=1'b1)
Compiling module xil_defaultlib.id
Compiling module simprims_ver.MUXF7
Compiling module xil_defaultlib.id_ex
Compiling module xil_defaultlib.if_id
Compiling module xil_defaultlib.wishbone_bus_if_1
Compiling module xil_defaultlib.mem
Compiling module xil_defaultlib.mem_wb
Compiling module xil_defaultlib.pc_reg
Compiling module simprims_ver.RAMD32
Compiling module simprims_ver.RAMS32
Compiling module xil_defaultlib.RAM32M_UNIQ_BASE_
Compiling module xil_defaultlib.RAM32M_HD1077
Compiling module xil_defaultlib.RAM32M_HD1078
Compiling module xil_defaultlib.RAM32M_HD1079
Compiling module xil_defaultlib.RAM32M_HD1080
Compiling module xil_defaultlib.RAM32M_HD1081
Compiling module xil_defaultlib.RAM32M_HD1082
Compiling module xil_defaultlib.RAM32M_HD1083
Compiling module xil_defaultlib.RAM32M_HD1084
Compiling module xil_defaultlib.RAM32M_HD1085
Compiling module xil_defaultlib.RAM32M_HD1086
Compiling module xil_defaultlib.RAM32M_HD1087
Compiling module xil_defaultlib.regfile
Compiling module xil_defaultlib.openmips
Compiling module xil_defaultlib.SEG7_LUT
Compiling module xil_defaultlib.SEG7_LUT_0
Compiling module xil_defaultlib.u_ila_0_CV
Compiling module xil_defaultlib.u_ila_1_CV
Compiling module xil_defaultlib.u_ila_2_CV
Compiling module xil_defaultlib.vga
Compiling module xil_defaultlib.thinpad_top
Compiling module xil_defaultlib.clock
Compiling module xil_defaultlib.sram_model
Compiling module xil_defaultlib.DataErrorModule
Compiling module xil_defaultlib.CUIdecoder1_2
Compiling module xil_defaultlib.CUIdecoder_Busy1_1
Compiling module xil_defaultlib.CUIdecoder2_2
Compiling module xil_defaultlib.KernelModule_1
Compiling module xil_defaultlib.ReadModule_1
Compiling module xil_defaultlib.OutputBufferModule_1
Compiling module xil_defaultlib.StatusRegModule_1
Compiling module xil_defaultlib.MemoryModule(FILENAME_MEM="/tmp/...
Compiling module xil_defaultlib.ProgramModule_1
Compiling module xil_defaultlib.BuffEnhancedFactProgramModule_1
Compiling module xil_defaultlib.ProtectRegModule_1
Compiling module xil_defaultlib.EraseModule_1
Compiling module xil_defaultlib.BlankCheckModule_1
Compiling module xil_defaultlib.BlockLockModule_1
Compiling module xil_defaultlib.ProgramBufferModule_1
Compiling module xil_defaultlib.SignatureModule_1
Compiling module xil_defaultlib.CFIqueryModule_1
Compiling module xil_defaultlib.ConfigRegModule_1
Compiling module xil_defaultlib.BurstModule_1
Compiling module xil_defaultlib.BankLib
Compiling module xil_defaultlib.TimingDataModule
Compiling module xil_defaultlib.TimingLibModule_1
Compiling module xil_defaultlib.DebugModule
Compiling module xil_defaultlib.x28fxxxp30(FILENAME_MEM="/tmp/ke...
Compiling module xil_defaultlib.tb
Compiling module xil_defaultlib.glbl
Built simulation snapshot tb_time_synth
